<?xml version="1.0" encoding="UTF-8"?>
<!-- Generated by org.testng.reporters.JUnitReportReporter -->
<testsuite hostname="SYAM-DS0F3D813" name="testCases.ExecuteTestModified" tests="1" failures="0" timestamp="10 May 2018 09:48:23 GMT" time="40.142" errors="0">
  <testcase name="testLogin" time="40.142" classname="testCases.ExecuteTestModified"/>
</testsuite> <!-- testCases.ExecuteTestModified -->
